# JRE version: OpenJDK Runtime Environment (8.0_242-b08) (build 1.8.0_242-8u242-b08-0ubuntu3~16.04-b08)
# Java VM: OpenJDK 64-Bit Server VM (25.242-b08 mixed mode linux-amd64 compressed oops)
Heap:
 garbage-first heap   total 253952K, used 46432K [0x00000000c0000000, 0x00000000c01007c0, 0x0000000100000000)
  region size 1024K, 9 young (9216K), 9 survivors (9216K)
 Metaspace       used 38526K, capacity 40892K, committed 40960K, reserved 1085440K
  class space    used 4151K, capacity 4832K, committed 4864K, reserved 1048576K
GC Heap History (10 events):
Event: 125,178 GC heap after
Heap after GC invocations=33 (full 0):
 garbage-first heap   total 63488K, used 33186K [0x00000000c0000000, 0x00000000c01001f0, 0x0000000100000000)
  region size 1024K, 1 young (1024K), 1 survivors (1024K)
 Metaspace       used 38395K, capacity 40672K, committed 40960K, reserved 1085440K
  class space    used 4139K, capacity 4824K, committed 4864K, reserved 1048576K
}
Event: 125,198 GC heap before
{Heap before GC invocations=33 (full 0):
 garbage-first heap   total 63488K, used 35234K [0x00000000c0000000, 0x00000000c01001f0, 0x0000000100000000)
  region size 1024K, 3 young (3072K), 1 survivors (1024K)
 Metaspace       used 38398K, capacity 40672K, committed 40960K, reserved 1085440K
  class space    used 4139K, capacity 4824K, committed 4864K, reserved 1048576K
Event: 125,213 GC heap after
Heap after GC invocations=34 (full 0):
 garbage-first heap   total 63488K, used 34800K [0x00000000c0000000, 0x00000000c01001f0, 0x0000000100000000)
  region size 1024K, 1 young (1024K), 1 survivors (1024K)
 Metaspace       used 38398K, capacity 40672K, committed 40960K, reserved 1085440K
  class space    used 4139K, capacity 4824K, committed 4864K, reserved 1048576K
}
Event: 125,664 GC heap before
{Heap before GC invocations=34 (full 0):
 garbage-first heap   total 63488K, used 52208K [0x00000000c0000000, 0x00000000c01001f0, 0x0000000100000000)
  region size 1024K, 18 young (18432K), 1 survivors (1024K)
 Metaspace       used 38408K, capacity 40672K, committed 40960K, reserved 1085440K
  class space    used 4140K, capacity 4824K, committed 4864K, reserved 1048576K
Event: 125,710 GC heap after
Heap after GC invocations=35 (full 0):
 garbage-first heap   total 63488K, used 37119K [0x00000000c0000000, 0x00000000c01001f0, 0x0000000100000000)
  region size 1024K, 3 young (3072K), 3 survivors (3072K)
 Metaspace       used 38408K, capacity 40672K, committed 40960K, reserved 1085440K
  class space    used 4140K, capacity 4824K, committed 4864K, reserved 1048576K
}
Event: 126,444 GC heap before
{Heap before GC invocations=36 (full 0):
 garbage-first heap   total 63488K, used 52479K [0x00000000c0000000, 0x00000000c01001f0, 0x0000000100000000)
  region size 1024K, 18 young (18432K), 3 survivors (3072K)
 Metaspace       used 38426K, capacity 40736K, committed 40960K, reserved 1085440K
  class space    used 4143K, capacity 4824K, committed 4864K, reserved 1048576K
Event: 126,466 GC heap after
Heap after GC invocations=37 (full 0):
 garbage-first heap   total 63488K, used 39388K [0x00000000c0000000, 0x00000000c01001f0, 0x0000000100000000)
  region size 1024K, 3 young (3072K), 3 survivors (3072K)
 Metaspace       used 38426K, capacity 40736K, committed 40960K, reserved 1085440K
  class space    used 4143K, capacity 4824K, committed 4864K, reserved 1048576K
}
Event: 126,478 GC heap before
{Heap before GC invocations=37 (full 0):
 garbage-first heap   total 63488K, used 40412K [0x00000000c0000000, 0x00000000c01001f0, 0x0000000100000000)
  region size 1024K, 4 young (4096K), 3 survivors (3072K)
 Metaspace       used 38426K, capacity 40736K, committed 40960K, reserved 1085440K
  class space    used 4143K, capacity 4824K, committed 4864K, reserved 1048576K
Event: 126,508 GC heap after
Heap after GC invocations=38 (full 0):
 garbage-first heap   total 126976K, used 36352K [0x00000000c0000000, 0x00000000c01003e0, 0x0000000100000000)
  region size 1024K, 1 young (1024K), 1 survivors (1024K)
 Metaspace       used 38426K, capacity 40736K, committed 40960K, reserved 1085440K
  class space    used 4143K, capacity 4824K, committed 4864K, reserved 1048576K
}
Event: 143,741 GC heap before
{Heap before GC invocations=38 (full 0):
 garbage-first heap   total 126976K, used 104800K [0x00000000c0000000, 0x00000000c01003e0, 0x0000000100000000)
  region size 1024K, 67 young (68608K), 1 survivors (1024K)
 Metaspace       used 38526K, capacity 40892K, committed 40960K, reserved 1085440K
  class space    used 4151K, capacity 4832K, committed 4864K, reserved 1048576K

